This is pdfTeX, Version 3.14159265-2.6-1.40.20 (TeX Live 2019/Debian) (preloaded format=pdflatex 2022.6.20)  5 MAY 2023 17:39
entering extended mode
 restricted \write18 enabled.
 %&-line parsing enabled.
**SSCHA_School_Hands1.tex
(./SSCHA_School_Hands1.tex
LaTeX2e <2020-02-02> patch level 2
L3 programming layer <2020-02-14>
(/usr/share/texlive/texmf-dist/tex/latex/base/report.cls
Document Class: report 2019/12/20 v1.4l Standard LaTeX document class
(/usr/share/texlive/texmf-dist/tex/latex/base/size10.clo
File: size10.clo 2019/12/20 v1.4l Standard LaTeX file (size option)
)
\c@part=\count167
\c@chapter=\count168
\c@section=\count169
\c@subsection=\count170
\c@subsubsection=\count171
\c@paragraph=\count172
\c@subparagraph=\count173
\c@figure=\count174
\c@table=\count175
\abovecaptionskip=\skip47
\belowcaptionskip=\skip48
\bibindent=\dimen134
)
(/usr/share/texlive/texmf-dist/tex/latex/l3backend/l3backend-pdfmode.def
File: l3backend-pdfmode.def 2020-02-03 L3 backend support: PDF mode
\l__kernel_color_stack_int=\count176
\l__pdf_internal_box=\box45
)
(./SSCHA_School_Hands1.aux)
\openout1 = `SSCHA_School_Hands1.aux'.

LaTeX Font Info:    Checking defaults for OML/cmm/m/it on input line 9.
LaTeX Font Info:    ... okay on input line 9.
LaTeX Font Info:    Checking defaults for OMS/cmsy/m/n on input line 9.
LaTeX Font Info:    ... okay on input line 9.
LaTeX Font Info:    Checking defaults for OT1/cmr/m/n on input line 9.
LaTeX Font Info:    ... okay on input line 9.
LaTeX Font Info:    Checking defaults for T1/cmr/m/n on input line 9.
LaTeX Font Info:    ... okay on input line 9.
LaTeX Font Info:    Checking defaults for TS1/cmr/m/n on input line 9.
LaTeX Font Info:    ... okay on input line 9.
LaTeX Font Info:    Checking defaults for OMX/cmex/m/n on input line 9.
LaTeX Font Info:    ... okay on input line 9.
LaTeX Font Info:    Checking defaults for U/cmr/m/n on input line 9.
LaTeX Font Info:    ... okay on input line 9.
LaTeX Font Info:    External font `cmex10' loaded for size
(Font)              <17.28> on input line 10.
LaTeX Font Info:    External font `cmex10' loaded for size
(Font)              <12> on input line 10.
LaTeX Font Info:    External font `cmex10' loaded for size
(Font)              <8> on input line 10.
LaTeX Font Info:    External font `cmex10' loaded for size
(Font)              <6> on input line 10.
 [1

{/var/lib/texmf/fonts/map/pdftex/updmap/pdftex.map}]
Chapter 1.
[1

] [2] [3] [4]
Chapter 2.

Overfull \hbox (80.84532pt too wide) in paragraph at lines 174--176
\OT1/cmr/m/n/10 relaxed = re-lax.static[]relax() dyn = CC.Phonons.compute[]phon
ons[]finite[]displacements(structure,
 []

[5

]
Overfull \hbox (41.79234pt too wide) in paragraph at lines 190--192
\OT1/cmr/m/n/10 ensemble = ss-cha.Ensemble.Ensemble(dyn, Tem-per-a-ture, su-per
-cell = dyn.GetSupercell())
 []


Overfull \hbox (20.80635pt too wide) in paragraph at lines 199--204
\OT1/cmr/m/n/10 minimizer.min[]step[]dyn = 0.005 min-i-mizer.min[]step[]struc =
 0.05 min-i-mizer.gradi[]op
 []


Overfull \hbox (10.72295pt too wide) in paragraph at lines 207--211
[]\OT1/cmr/m/n/10 Step by step cal-cu-la-tion min-i-mizer.init() min-i-mizer.ru
n() min-i-mizer.finalize() 
 []


Overfull \hbox (6.73958pt too wide) in paragraph at lines 211--214
[]\OT1/cmr/m/n/10 Automatic re-lax-ation re-lax = ss-cha.Relax.SSCHA(minimizer,
 ase[]calculator
 []

[6] [7]
Chapter 3.
[8

]
Chapter 4.
[9

] (./SSCHA_School_Hands1.aux) ) 
Here is how much of TeX's memory you used:
 421 strings out of 481239
 6989 string characters out of 5920377
 240562 words of memory out of 5000000
 15759 multiletter control sequences out of 15000+600000
 538763 words of font info for 45 fonts, out of 8000000 for 9000
 1141 hyphenation exceptions out of 8191
 25i,6n,19p,507b,178s stack positions out of 5000i,500n,10000p,200000b,80000s
{/usr/share/texmf/fonts/enc/dvips/cm-super/cm-su
per-ts1.enc}</usr/share/texlive/texmf-dist/fonts/type1/public/amsfonts/cm/cmbx1
0.pfb></usr/share/texlive/texmf-dist/fonts/type1/public/amsfonts/cm/cmbx12.pfb>
</usr/share/texlive/texmf-dist/fonts/type1/public/amsfonts/cm/cmr10.pfb></usr/s
hare/texlive/texmf-dist/fonts/type1/public/amsfonts/cm/cmr12.pfb></usr/share/te
xlive/texmf-dist/fonts/type1/public/amsfonts/cm/cmr17.pfb></usr/share/texmf/fon
ts/type1/public/cm-super/sfrm1000.pfb>
Output written on SSCHA_School_Hands1.pdf (10 pages, 90449 bytes).
PDF statistics:
 62 PDF objects out of 1000 (max. 8388607)
 43 compressed objects within 1 object stream
 0 named destinations out of 1000 (max. 500000)
 1 words of extra memory for PDF output out of 10000 (max. 10000000)

